2023-12-09 16:37:00.870 [background-preinit] INFO  org.hibernate.validator.internal.util.Version - HV000001: Hibernate Validator 6.2.5.Final
2023-12-09 16:37:00.976 [restartedMain] INFO  com.vti.FinalExamApplication - Starting FinalExamApplication using Java 1.8.0_392 on DESKTOP-F7VJNGS with PID 1488 (C:\Users\nkock\OneDrive\Desktop\final-exam\target\classes started by nkock in C:\Users\nkock\OneDrive\Desktop\final-exam)
2023-12-09 16:37:00.987 [restartedMain] INFO  com.vti.FinalExamApplication - No active profile set, falling back to 1 default profile: "default"
2023-12-09 16:37:01.113 [restartedMain] INFO  org.springframework.boot.devtools.env.DevToolsPropertyDefaultsPostProcessor - Devtools property defaults active! Set 'spring.devtools.add-properties' to 'false' to disable
2023-12-09 16:37:01.114 [restartedMain] INFO  org.springframework.boot.devtools.env.DevToolsPropertyDefaultsPostProcessor - For additional web related logging consider setting the 'logging.level.web' property to 'DEBUG'
2023-12-09 16:37:03.629 [restartedMain] INFO  org.springframework.data.repository.config.RepositoryConfigurationDelegate - Bootstrapping Spring Data JPA repositories in DEFAULT mode.
2023-12-09 16:37:03.809 [restartedMain] INFO  org.springframework.data.repository.config.RepositoryConfigurationDelegate - Finished Spring Data repository scanning in 161 ms. Found 2 JPA repository interfaces.
2023-12-09 16:37:05.973 [restartedMain] INFO  org.springframework.boot.web.embedded.tomcat.TomcatWebServer - Tomcat initialized with port(s): 8080 (http)
2023-12-09 16:37:05.993 [restartedMain] INFO  org.apache.coyote.http11.Http11NioProtocol - Initializing ProtocolHandler ["http-nio-8080"]
2023-12-09 16:37:05.994 [restartedMain] INFO  org.apache.catalina.core.StandardService - Starting service [Tomcat]
2023-12-09 16:37:05.994 [restartedMain] INFO  org.apache.catalina.core.StandardEngine - Starting Servlet engine: [Apache Tomcat/9.0.73]
2023-12-09 16:37:06.108 [restartedMain] INFO  org.apache.catalina.core.ContainerBase.[Tomcat].[localhost].[/] - Initializing Spring embedded WebApplicationContext
2023-12-09 16:37:06.109 [restartedMain] INFO  org.springframework.boot.web.servlet.context.ServletWebServerApplicationContext - Root WebApplicationContext: initialization completed in 4993 ms
2023-12-09 16:37:06.458 [restartedMain] INFO  org.hibernate.jpa.internal.util.LogHelper - HHH000204: Processing PersistenceUnitInfo [name: default]
2023-12-09 16:37:06.602 [restartedMain] INFO  org.hibernate.Version - HHH000412: Hibernate ORM core version 5.6.15.Final
2023-12-09 16:37:06.926 [restartedMain] INFO  org.hibernate.annotations.common.Version - HCANN000001: Hibernate Commons Annotations {5.1.2.Final}
2023-12-09 16:37:07.238 [restartedMain] INFO  com.zaxxer.hikari.HikariDataSource - HikariPool-1 - Starting...
2023-12-09 16:37:07.866 [restartedMain] INFO  com.zaxxer.hikari.HikariDataSource - HikariPool-1 - Start completed.
2023-12-09 16:37:07.934 [restartedMain] INFO  org.hibernate.dialect.Dialect - HHH000400: Using dialect: org.hibernate.dialect.MySQL8Dialect
2023-12-09 16:37:09.969 [restartedMain] INFO  org.hibernate.engine.transaction.jta.platform.internal.JtaPlatformInitiator - HHH000490: Using JtaPlatform implementation: [org.hibernate.engine.transaction.jta.platform.internal.NoJtaPlatform]
2023-12-09 16:37:09.996 [restartedMain] INFO  org.springframework.orm.jpa.LocalContainerEntityManagerFactoryBean - Initialized JPA EntityManagerFactory for persistence unit 'default'
2023-12-09 16:37:11.881 [restartedMain] WARN  org.springframework.boot.autoconfigure.orm.jpa.JpaBaseConfiguration$JpaWebConfiguration - spring.jpa.open-in-view is enabled by default. Therefore, database queries may be performed during view rendering. Explicitly configure spring.jpa.open-in-view to disable this warning
2023-12-09 16:37:12.563 [restartedMain] INFO  org.springframework.security.web.DefaultSecurityFilterChain - Will secure any request with [org.springframework.security.web.session.DisableEncodeUrlFilter@84824859, org.springframework.security.web.context.request.async.WebAsyncManagerIntegrationFilter@e7ab09a, org.springframework.security.web.context.SecurityContextPersistenceFilter@97671d23, org.springframework.security.web.header.HeaderWriterFilter@816c0993, org.springframework.web.filter.CorsFilter@6cd9671, org.springframework.security.web.authentication.logout.LogoutFilter@8833b23a, org.springframework.security.web.authentication.UsernamePasswordAuthenticationFilter@f9cf2f99, org.springframework.security.web.authentication.www.BasicAuthenticationFilter@deacd7c2, org.springframework.security.web.savedrequest.RequestCacheAwareFilter@c205ce28, org.springframework.security.web.servletapi.SecurityContextHolderAwareRequestFilter@3c771931, org.springframework.security.web.authentication.rememberme.RememberMeAuthenticationFilter@8f13be15, org.springframework.security.web.authentication.AnonymousAuthenticationFilter@dc05c28d, org.springframework.security.web.session.SessionManagementFilter@8e03e26, org.springframework.security.web.access.ExceptionTranslationFilter@45107c26, org.springframework.security.web.access.intercept.AuthorizationFilter@771d3f23]
2023-12-09 16:37:12.569 [restartedMain] WARN  org.springframework.security.config.annotation.web.builders.WebSecurity - You are asking Spring Security to ignore Ant [pattern='/']. This is not recommended -- please use permitAll via HttpSecurity#authorizeHttpRequests instead.
2023-12-09 16:37:12.569 [restartedMain] INFO  org.springframework.security.web.DefaultSecurityFilterChain - Will not secure Ant [pattern='/']
2023-12-09 16:37:12.570 [restartedMain] WARN  org.springframework.security.config.annotation.web.builders.WebSecurity - You are asking Spring Security to ignore Ant [pattern='/index.html']. This is not recommended -- please use permitAll via HttpSecurity#authorizeHttpRequests instead.
2023-12-09 16:37:12.570 [restartedMain] INFO  org.springframework.security.web.DefaultSecurityFilterChain - Will not secure Ant [pattern='/index.html']
2023-12-09 16:37:12.570 [restartedMain] WARN  org.springframework.security.config.annotation.web.builders.WebSecurity - You are asking Spring Security to ignore Ant [pattern='/common/**']. This is not recommended -- please use permitAll via HttpSecurity#authorizeHttpRequests instead.
2023-12-09 16:37:12.570 [restartedMain] INFO  org.springframework.security.web.DefaultSecurityFilterChain - Will not secure Ant [pattern='/common/**']
2023-12-09 16:37:12.570 [restartedMain] WARN  org.springframework.security.config.annotation.web.builders.WebSecurity - You are asking Spring Security to ignore Ant [pattern='/page/**']. This is not recommended -- please use permitAll via HttpSecurity#authorizeHttpRequests instead.
2023-12-09 16:37:12.570 [restartedMain] INFO  org.springframework.security.web.DefaultSecurityFilterChain - Will not secure Ant [pattern='/page/**']
2023-12-09 16:37:12.570 [restartedMain] WARN  org.springframework.security.config.annotation.web.builders.WebSecurity - You are asking Spring Security to ignore Ant [pattern='/utils/**']. This is not recommended -- please use permitAll via HttpSecurity#authorizeHttpRequests instead.
2023-12-09 16:37:12.571 [restartedMain] INFO  org.springframework.security.web.DefaultSecurityFilterChain - Will not secure Ant [pattern='/utils/**']
2023-12-09 16:37:12.769 [restartedMain] INFO  org.springframework.boot.devtools.autoconfigure.OptionalLiveReloadServer - LiveReload server is running on port 35729
2023-12-09 16:37:12.868 [restartedMain] INFO  org.springframework.boot.autoconfigure.web.servlet.WelcomePageHandlerMapping - Adding welcome page: class path resource [static/index.html]
2023-12-09 16:37:13.185 [restartedMain] INFO  org.apache.coyote.http11.Http11NioProtocol - Starting ProtocolHandler ["http-nio-8080"]
2023-12-09 16:37:13.211 [restartedMain] INFO  org.springframework.boot.web.embedded.tomcat.TomcatWebServer - Tomcat started on port(s): 8080 (http) with context path ''
2023-12-09 16:37:13.882 [restartedMain] INFO  com.vti.FinalExamApplication - Started FinalExamApplication in 13.606 seconds (JVM running for 27.505)
2023-12-09 16:37:20.597 [http-nio-8080-exec-1] INFO  org.apache.catalina.core.ContainerBase.[Tomcat].[localhost].[/] - Initializing Spring DispatcherServlet 'dispatcherServlet'
2023-12-09 16:37:20.598 [http-nio-8080-exec-1] INFO  org.springframework.web.servlet.DispatcherServlet - Initializing Servlet 'dispatcherServlet'
2023-12-09 16:37:20.603 [http-nio-8080-exec-1] INFO  org.springframework.web.servlet.DispatcherServlet - Completed initialization in 5 ms
2023-12-09 16:40:12.096 [SpringApplicationShutdownHook] INFO  org.springframework.orm.jpa.LocalContainerEntityManagerFactoryBean - Closing JPA EntityManagerFactory for persistence unit 'default'
2023-12-09 16:40:12.102 [SpringApplicationShutdownHook] INFO  com.zaxxer.hikari.HikariDataSource - HikariPool-1 - Shutdown initiated...
2023-12-09 16:40:12.109 [SpringApplicationShutdownHook] INFO  com.zaxxer.hikari.HikariDataSource - HikariPool-1 - Shutdown completed.
